[debug] [2025-11-03T08:36:18.837Z] ----------------------------------------------------------------------
[debug] [2025-11-03T08:36:18.841Z] Command:       C:\Program Files\nodejs\node.exe C:\Users\ASUS\AppData\Roaming\npm\node_modules\firebase-tools\lib\bin\firebase.js init
[debug] [2025-11-03T08:36:18.841Z] CLI Version:   14.23.0
[debug] [2025-11-03T08:36:18.841Z] Platform:      win32
[debug] [2025-11-03T08:36:18.841Z] Node Version:  v20.18.0
[debug] [2025-11-03T08:36:18.842Z] Time:          Mon Nov 03 2025 17:36:18 GMT+0900 (대한민국 표준시)
[debug] [2025-11-03T08:36:18.842Z] ----------------------------------------------------------------------
[debug] 
[info] 
     ######## #### ########  ######## ########     ###     ######  ########
     ##        ##  ##     ## ##       ##     ##  ##   ##  ##       ##
     ######    ##  ########  ######   ########  #########  ######  ######
     ##        ##  ##    ##  ##       ##     ## ##     ##       ## ##
     ##       #### ##     ## ######## ########  ##     ##  ######  ########

You're about to initialize a Firebase project in this directory:

  C:\Users\ASUS\OneDrive\바탕 화면\Work_Jindan

[info] 
=== Project Setup
[info] 
[info] First, let's associate this project directory with a Firebase project.
[info] You can create multiple project aliases by running firebase use --add, 
[info] 
[debug] [2025-11-03T08:41:48.485Z] > command requires scopes: ["email","openid","https://www.googleapis.com/auth/cloudplatformprojects.readonly","https://www.googleapis.com/auth/firebase","https://www.googleapis.com/auth/cloud-platform"]
[debug] [2025-11-03T08:41:48.486Z] > authorizing via signed-in user (bti0497@gmail.com)
[debug] [2025-11-03T08:41:48.487Z] Checked if tokens are valid: true, expires at: 1762162561505
[debug] [2025-11-03T08:41:48.488Z] Checked if tokens are valid: true, expires at: 1762162561505
[debug] [2025-11-03T08:41:48.490Z] >>> [apiv2][query] GET https://firebase.googleapis.com/v1beta1/projects pageSize=100
[debug] [2025-11-03T08:41:49.200Z] <<< [apiv2][status] GET https://firebase.googleapis.com/v1beta1/projects 200
[debug] [2025-11-03T08:41:49.200Z] <<< [apiv2][body] GET https://firebase.googleapis.com/v1beta1/projects [omitted]
[info] 
=== Hosting Setup
[debug] [2025-11-03T08:42:05.077Z] Checked if tokens are valid: true, expires at: 1762162561505
[debug] [2025-11-03T08:42:05.077Z] Checked if tokens are valid: true, expires at: 1762162561505
[debug] [2025-11-03T08:42:05.078Z] >>> [apiv2][query] GET https://firebase.googleapis.com/v1beta1/projects/work-jindan [none]
[debug] [2025-11-03T08:42:05.509Z] <<< [apiv2][status] GET https://firebase.googleapis.com/v1beta1/projects/work-jindan 200
[debug] [2025-11-03T08:42:05.509Z] <<< [apiv2][body] GET https://firebase.googleapis.com/v1beta1/projects/work-jindan {"projectId":"work-jindan","projectNumber":"760571024663","displayName":"Work Jindan","name":"projects/work-jindan","resources":{"hostingSite":"work-jindan"},"state":"ACTIVE","etag":"1_eb7e1183-9c3b-463c-8b25-edc586679519"}
[info] 
[info] Your public directory is the folder (relative to your project directory) that
[info] will contain Hosting assets to be uploaded with firebase deploy. If you
[info] have a build process for your assets, use your build's output directory.
[info] 
[debug] [2025-11-03T08:48:21.102Z] ExitPromptError: User force closed the prompt with SIGINT
    at Interface.sigint (C:\Users\ASUS\AppData\Roaming\npm\node_modules\firebase-tools\node_modules\@inquirer\core\dist\commonjs\lib\create-prompt.js:101:37)
    at Interface.emit (node:events:519:28)
    at Interface.emit (node:domain:488:12)
    at [_ttyWrite] [as _ttyWrite] (node:internal/readline/interface:1126:18)
    at ReadStream.onkeypress (node:internal/readline/interface:265:20)
    at ReadStream.emit (node:events:531:35)
    at ReadStream.emit (node:domain:488:12)
    at emitKeys (node:internal/readline/utils:371:14)
    at emitKeys.next (<anonymous>)
    at ReadStream.onData (node:internal/readline/emitKeypressEvents:64:36)
[error] 
[error] Error: An unexpected error has occurred.
